<?xml version="1.0" encoding="UTF-8"?>
<!-- Generated by org.testng.reporters.JUnitXMLReporter -->
<testsuite hostname="MSI" name="Amazon" tests="5" failures="0" timestamp="7 Apr 2023 00:33:56 GMT" time="139.15" errors="0">
  <testcase name="feature" time="53.91" classname="upskill.runners.RunnerClass"/>
  <testcase name="feature" time="36.327" classname="upskill.runners.RunnerClass"/>
  <testcase name="feature" time="16.593" classname="upskill.runners.RunnerClass"/>
  <testcase name="feature" time="18.86" classname="upskill.runners.RunnerClass"/>
  <testcase name="feature" time="10.947" classname="upskill.runners.RunnerClass"/>
</testsuite> <!-- Amazon -->
